빌드 시작: 2012-11-13 오후 4:25:39
     1>2 노드의 "C:\Users\lemonade\Documents\GitHub\Android-USB\Client\usbip\usbip.vcxproj" 프로젝트(build 대상)입니다.
     1>InitializeBuildStatus:
         "AlwaysCreate"이(가) 지정되었기 때문에 "Release\usbip.unsuccessfulbuild"을(를) 만들고 있습니다.
       ClCompile:
         c:\Program Files (x86)\Microsoft Visual Studio 10.0\VC\bin\CL.exe /c /Zi /nologo /W3 /WX- /Ox /Oi /Oy /GT /GL /D _MBCS /Gm- /EHsc /MT /GS /Gy /fp:precise /Zc:wchar_t /Zc:forScope /Fo"Release\\" /Fd"Release\vc100.pdb" /Gd /TC /analyze- /errorReport:prompt usbip.c
         usbip.c
       Link:
         c:\Program Files (x86)\Microsoft Visual Studio 10.0\VC\bin\link.exe /ERRORREPORT:PROMPT /OUT:"C:\Users\lemonade\Documents\GitHub\Android-USB\Client\usbip\Release\usbip.exe" /NOLOGO kernel32.lib user32.lib gdi32.lib winspool.lib comdlg32.lib advapi32.lib shell32.lib ole32.lib oleaut32.lib uuid.lib odbc32.lib odbccp32.lib /MANIFEST /ManifestFile:"Release\usbip.exe.intermediate.manifest" /MANIFESTUAC:"level='asInvoker' uiAccess='false'" /DEBUG /PDB:"C:\Users\lemonade\Documents\GitHub\Android-USB\Client\usbip\Release\usbip.pdb" /OPT:REF /OPT:ICF /LTCG /TLBID:1 /DYNAMICBASE /NXCOMPAT /IMPLIB:"C:\Users\lemonade\Documents\GitHub\Android-USB\Client\usbip\Release\usbip.lib" /MACHINE:X86 Release\getopt.obj
         Release\getopt_long.obj
         Release\usbip.obj
         Release\usbip_common.obj
         Release\usbip_network.obj
         Release\usbip_vbus_ui.obj
         코드를 생성하고 있습니다.
         코드를 생성했습니다.
         usbip.vcxproj -> C:\Users\lemonade\Documents\GitHub\Android-USB\Client\usbip\Release\usbip.exe
       Manifest:
         C:\Program Files (x86)\Microsoft SDKs\Windows\v7.0A\bin\mt.exe /nologo /verbose /outputresource:"C:\Users\lemonade\Documents\GitHub\Android-USB\Client\usbip\Release\usbip.exe;#1" /manifest Release\usbip.exe.intermediate.manifest
       FinalizeBuildStatus:
         "Release\usbip.unsuccessfulbuild" 파일을 삭제하고 있습니다.
         "Release\usbip.lastbuildstate"에 연결(touching)하고 있습니다.
     1>"C:\Users\lemonade\Documents\GitHub\Android-USB\Client\usbip\usbip.vcxproj" 프로젝트를 빌드했습니다(build 대상).

빌드했습니다.

경과 시간: 00:00:02.21
